app/build/intermediates/manifest_merge_blame_file/debug/manifest-merger-blame-debug-report.txt
1<?xml version="1.0" encoding="utf-8"?>
2<manifest xmlns:android="http://schemas.android.com/apk/res/android"
3    package="com.arteagabryan.cazarpatos"
4    android:versionCode="1"
5    android:versionName="1.0" >
6
7    <uses-sdk
8        android:minSdkVersion="27"
8-->src\main\AndroidManifest.xml
9        android:targetSdkVersion="32" />
9-->src\main\AndroidManifest.xml
10
11    <uses-permission android:name="android.permission.WRITE_EXTERNAL_STORAGE" />
11-->src\main\AndroidManifest.xml:6:5-81
11-->src\main\AndroidManifest.xml:6:22-78
12    <!-- Include required permissions for Google Mobile Ads to run. -->
13    <uses-permission android:name="android.permission.INTERNET" />
13-->src\main\AndroidManifest.xml:8:5-67
13-->src\main\AndroidManifest.xml:8:22-64
14    <uses-permission android:name="android.permission.ACCESS_NETWORK_STATE" />
14-->src\main\AndroidManifest.xml:9:5-79
14-->src\main\AndroidManifest.xml:9:22-76
15    <uses-permission android:name="com.google.android.gms.permission.AD_ID" /> <!-- Android package visibility setting -->
15-->[com.google.android.gms:play-services-ads-lite:21.1.0] AndroidManifest.xml:25:5-79
15-->[com.google.android.gms:play-services-ads-lite:21.1.0] AndroidManifest.xml:25:22-76
16    <queries>
16-->[com.google.android.gms:play-services-ads-lite:21.1.0] AndroidManifest.xml:28:5-44:15
17
18        <!-- For browser content -->
19        <intent>
19-->[com.google.android.gms:play-services-ads-lite:21.1.0] AndroidManifest.xml:31:9-37:18
20            <action android:name="android.intent.action.VIEW" />
20-->[com.google.firebase:firebase-auth:21.0.6] AndroidManifest.xml:34:17-69
20-->[com.google.firebase:firebase-auth:21.0.6] AndroidManifest.xml:34:25-66
21
22            <category android:name="android.intent.category.BROWSABLE" />
22-->[com.google.firebase:firebase-auth:21.0.6] AndroidManifest.xml:37:17-78
22-->[com.google.firebase:firebase-auth:21.0.6] AndroidManifest.xml:37:27-75
23
24            <data android:scheme="https" />
24-->[com.google.firebase:firebase-auth:21.0.6] AndroidManifest.xml:39:17-42:51
24-->[com.google.firebase:firebase-auth:21.0.6] AndroidManifest.xml:42:21-48
25        </intent>
26        <!-- End of browser content -->
27        <!-- For CustomTabsService -->
28        <intent>
28-->[com.google.android.gms:play-services-ads-lite:21.1.0] AndroidManifest.xml:40:9-42:18
29            <action android:name="android.support.customtabs.action.CustomTabsService" />
29-->[com.google.android.gms:play-services-ads-lite:21.1.0] AndroidManifest.xml:41:13-90
29-->[com.google.android.gms:play-services-ads-lite:21.1.0] AndroidManifest.xml:41:21-87
30        </intent>
31        <!-- End of CustomTabsService -->
32    </queries>
33
34    <uses-permission android:name="android.permission.WAKE_LOCK" />
34-->[com.google.android.gms:play-services-measurement-sdk-api:20.1.2] AndroidManifest.xml:25:5-68
34-->[com.google.android.gms:play-services-measurement-sdk-api:20.1.2] AndroidManifest.xml:25:22-65
35    <uses-permission android:name="android.permission.RECEIVE_BOOT_COMPLETED" />
35-->[androidx.work:work-runtime:2.7.0] AndroidManifest.xml:27:5-81
35-->[androidx.work:work-runtime:2.7.0] AndroidManifest.xml:27:22-78
36    <uses-permission android:name="android.permission.FOREGROUND_SERVICE" />
36-->[androidx.work:work-runtime:2.7.0] AndroidManifest.xml:28:5-77
36-->[androidx.work:work-runtime:2.7.0] AndroidManifest.xml:28:22-74
37
38    <application
38-->src\main\AndroidManifest.xml:11:5-40:19
39        android:allowBackup="true"
39-->src\main\AndroidManifest.xml:12:9-35
40        android:appComponentFactory="androidx.core.app.CoreComponentFactory"
40-->[androidx.core:core:1.8.0] AndroidManifest.xml:24:18-86
41        android:debuggable="true"
42        android:extractNativeLibs="false"
43        android:icon="@mipmap/ic_myicon"
43-->src\main\AndroidManifest.xml:13:9-41
44        android:label="@string/app_name"
44-->src\main\AndroidManifest.xml:14:9-41
45        android:roundIcon="@mipmap/ic_launcher_round"
45-->src\main\AndroidManifest.xml:15:9-54
46        android:supportsRtl="true"
46-->src\main\AndroidManifest.xml:16:9-35
47        android:testOnly="true"
48        android:theme="@style/Theme.CazarPatos.Personalizado" >
48-->src\main\AndroidManifest.xml:17:9-62
49        <meta-data
49-->src\main\AndroidManifest.xml:19:9-21:70
50            android:name="com.google.android.gms.ads.APPLICATION_ID"
50-->src\main\AndroidManifest.xml:20:13-69
51            android:value="ca-app-pub-1037931570859576~1491193722" />
51-->src\main\AndroidManifest.xml:21:13-67
52
53        <activity
53-->src\main\AndroidManifest.xml:23:9-25:40
54            android:name="com.arteagabryan.cazarpatos.NuevoUsuarioActivity"
54-->src\main\AndroidManifest.xml:24:13-49
55            android:exported="false" />
55-->src\main\AndroidManifest.xml:25:13-37
56        <activity
56-->src\main\AndroidManifest.xml:26:9-29:67
57            android:name="com.arteagabryan.cazarpatos.RankingActivity"
57-->src\main\AndroidManifest.xml:27:13-44
58            android:exported="false"
58-->src\main\AndroidManifest.xml:28:13-37
59            android:parentActivityName="com.arteagabryan.cazarpatos.MainActivity" />
59-->src\main\AndroidManifest.xml:29:13-55
60        <activity
60-->src\main\AndroidManifest.xml:30:9-38:20
61            android:name="com.arteagabryan.cazarpatos.LoginActivity"
61-->src\main\AndroidManifest.xml:31:13-42
62            android:exported="true" >
62-->src\main\AndroidManifest.xml:32:13-36
63            <intent-filter>
63-->src\main\AndroidManifest.xml:33:13-37:29
64                <action android:name="android.intent.action.MAIN" />
64-->src\main\AndroidManifest.xml:34:17-69
64-->src\main\AndroidManifest.xml:34:25-66
65
66                <category android:name="android.intent.category.LAUNCHER" />
66-->src\main\AndroidManifest.xml:36:17-77
66-->src\main\AndroidManifest.xml:36:27-74
67            </intent-filter>
68        </activity>
69        <activity android:name="com.arteagabryan.cazarpatos.MainActivity" />
69-->src\main\AndroidManifest.xml:39:9-50
69-->src\main\AndroidManifest.xml:39:19-47
70
71        <service
71-->[com.google.firebase:firebase-auth-ktx:21.0.6] AndroidManifest.xml:8:9-14:19
72            android:name="com.google.firebase.components.ComponentDiscoveryService"
72-->[com.google.firebase:firebase-auth-ktx:21.0.6] AndroidManifest.xml:9:13-84
73            android:directBootAware="true"
73-->[com.google.firebase:firebase-common:20.1.1] AndroidManifest.xml:35:13-43
74            android:exported="false" >
74-->[com.google.firebase:firebase-auth-ktx:21.0.6] AndroidManifest.xml:10:13-37
75            <meta-data
75-->[com.google.firebase:firebase-auth-ktx:21.0.6] AndroidManifest.xml:11:13-13:85
76                android:name="com.google.firebase.components:com.google.firebase.auth.ktx.FirebaseAuthKtxRegistrar"
76-->[com.google.firebase:firebase-auth-ktx:21.0.6] AndroidManifest.xml:12:17-116
77                android:value="com.google.firebase.components.ComponentRegistrar" />
77-->[com.google.firebase:firebase-auth-ktx:21.0.6] AndroidManifest.xml:13:17-82
78            <meta-data
78-->[com.google.firebase:firebase-firestore-ktx:24.2.1] AndroidManifest.xml:15:13-17:85
79                android:name="com.google.firebase.components:com.google.firebase.firestore.ktx.FirebaseFirestoreKtxRegistrar"
79-->[com.google.firebase:firebase-firestore-ktx:24.2.1] AndroidManifest.xml:16:17-126
80                android:value="com.google.firebase.components.ComponentRegistrar" />
80-->[com.google.firebase:firebase-firestore-ktx:24.2.1] AndroidManifest.xml:17:17-82
81            <meta-data
81-->[com.google.firebase:firebase-auth:21.0.6] AndroidManifest.xml:67:13-69:85
82                android:name="com.google.firebase.components:com.google.firebase.auth.FirebaseAuthRegistrar"
82-->[com.google.firebase:firebase-auth:21.0.6] AndroidManifest.xml:68:17-109
83                android:value="com.google.firebase.components.ComponentRegistrar" />
83-->[com.google.firebase:firebase-auth:21.0.6] AndroidManifest.xml:69:17-82
84            <meta-data
84-->[com.google.firebase:firebase-firestore:24.2.1] AndroidManifest.xml:20:13-22:85
85                android:name="com.google.firebase.components:com.google.firebase.firestore.FirestoreRegistrar"
85-->[com.google.firebase:firebase-firestore:24.2.1] AndroidManifest.xml:21:17-111
86                android:value="com.google.firebase.components.ComponentRegistrar" />
86-->[com.google.firebase:firebase-firestore:24.2.1] AndroidManifest.xml:22:17-82
87            <meta-data
87-->[com.google.firebase:firebase-common-ktx:20.1.1] AndroidManifest.xml:15:13-17:85
88                android:name="com.google.firebase.components:com.google.firebase.ktx.FirebaseCommonKtxRegistrar"
88-->[com.google.firebase:firebase-common-ktx:20.1.1] AndroidManifest.xml:16:17-113
89                android:value="com.google.firebase.components.ComponentRegistrar" />
89-->[com.google.firebase:firebase-common-ktx:20.1.1] AndroidManifest.xml:17:17-82
90        </service>
91
92        <activity
92-->[com.google.firebase:firebase-auth:21.0.6] AndroidManifest.xml:27:9-44:20
93            android:name="com.google.firebase.auth.internal.GenericIdpActivity"
93-->[com.google.firebase:firebase-auth:21.0.6] AndroidManifest.xml:28:13-80
94            android:excludeFromRecents="true"
94-->[com.google.firebase:firebase-auth:21.0.6] AndroidManifest.xml:29:13-46
95            android:exported="true"
95-->[com.google.firebase:firebase-auth:21.0.6] AndroidManifest.xml:30:13-36
96            android:launchMode="singleTask"
96-->[com.google.firebase:firebase-auth:21.0.6] AndroidManifest.xml:31:13-44
97            android:theme="@android:style/Theme.Translucent.NoTitleBar" >
97-->[com.google.firebase:firebase-auth:21.0.6] AndroidManifest.xml:32:13-72
98            <intent-filter>
98-->[com.google.firebase:firebase-auth:21.0.6] AndroidManifest.xml:33:13-43:29
99                <action android:name="android.intent.action.VIEW" />
99-->[com.google.firebase:firebase-auth:21.0.6] AndroidManifest.xml:34:17-69
99-->[com.google.firebase:firebase-auth:21.0.6] AndroidManifest.xml:34:25-66
100
101                <category android:name="android.intent.category.DEFAULT" />
101-->[com.google.firebase:firebase-auth:21.0.6] AndroidManifest.xml:36:17-76
101-->[com.google.firebase:firebase-auth:21.0.6] AndroidManifest.xml:36:27-73
102                <category android:name="android.intent.category.BROWSABLE" />
102-->[com.google.firebase:firebase-auth:21.0.6] AndroidManifest.xml:37:17-78
102-->[com.google.firebase:firebase-auth:21.0.6] AndroidManifest.xml:37:27-75
103
104                <data
104-->[com.google.firebase:firebase-auth:21.0.6] AndroidManifest.xml:39:17-42:51
105                    android:host="firebase.auth"
105-->[com.google.firebase:firebase-auth:21.0.6] AndroidManifest.xml:40:21-49
106                    android:path="/"
106-->[com.google.firebase:firebase-auth:21.0.6] AndroidManifest.xml:41:21-37
107                    android:scheme="genericidp" />
107-->[com.google.firebase:firebase-auth:21.0.6] AndroidManifest.xml:42:21-48
108            </intent-filter>
109        </activity>
110        <activity
110-->[com.google.firebase:firebase-auth:21.0.6] AndroidManifest.xml:45:9-62:20
111            android:name="com.google.firebase.auth.internal.RecaptchaActivity"
111-->[com.google.firebase:firebase-auth:21.0.6] AndroidManifest.xml:46:13-79
112            android:excludeFromRecents="true"
112-->[com.google.firebase:firebase-auth:21.0.6] AndroidManifest.xml:47:13-46
113            android:exported="true"
113-->[com.google.firebase:firebase-auth:21.0.6] AndroidManifest.xml:48:13-36
114            android:launchMode="singleTask"
114-->[com.google.firebase:firebase-auth:21.0.6] AndroidManifest.xml:49:13-44
115            android:theme="@android:style/Theme.Translucent.NoTitleBar" >
115-->[com.google.firebase:firebase-auth:21.0.6] AndroidManifest.xml:50:13-72
116            <intent-filter>
116-->[com.google.firebase:firebase-auth:21.0.6] AndroidManifest.xml:51:13-61:29
117                <action android:name="android.intent.action.VIEW" />
117-->[com.google.firebase:firebase-auth:21.0.6] AndroidManifest.xml:34:17-69
117-->[com.google.firebase:firebase-auth:21.0.6] AndroidManifest.xml:34:25-66
118
119                <category android:name="android.intent.category.DEFAULT" />
119-->[com.google.firebase:firebase-auth:21.0.6] AndroidManifest.xml:36:17-76
119-->[com.google.firebase:firebase-auth:21.0.6] AndroidManifest.xml:36:27-73
120                <category android:name="android.intent.category.BROWSABLE" />
120-->[com.google.firebase:firebase-auth:21.0.6] AndroidManifest.xml:37:17-78
120-->[com.google.firebase:firebase-auth:21.0.6] AndroidManifest.xml:37:27-75
121
122                <data
122-->[com.google.firebase:firebase-auth:21.0.6] AndroidManifest.xml:39:17-42:51
123                    android:host="firebase.auth"
123-->[com.google.firebase:firebase-auth:21.0.6] AndroidManifest.xml:40:21-49
124                    android:path="/"
124-->[com.google.firebase:firebase-auth:21.0.6] AndroidManifest.xml:41:21-37
125                    android:scheme="recaptcha" />
125-->[com.google.firebase:firebase-auth:21.0.6] AndroidManifest.xml:42:21-48
126            </intent-filter>
127        </activity>
128
129        <provider
129-->[com.google.firebase:firebase-common:20.1.1] AndroidManifest.xml:26:9-31:39
130            android:name="com.google.firebase.provider.FirebaseInitProvider"
130-->[com.google.firebase:firebase-common:20.1.1] AndroidManifest.xml:27:13-77
131            android:authorities="com.arteagabryan.cazarpatos.firebaseinitprovider"
131-->[com.google.firebase:firebase-common:20.1.1] AndroidManifest.xml:28:13-72
132            android:directBootAware="true"
132-->[com.google.firebase:firebase-common:20.1.1] AndroidManifest.xml:29:13-43
133            android:exported="false"
133-->[com.google.firebase:firebase-common:20.1.1] AndroidManifest.xml:30:13-37
134            android:initOrder="100" /> <!-- Include the AdActivity and InAppPurchaseActivity configChanges and themes. -->
134-->[com.google.firebase:firebase-common:20.1.1] AndroidManifest.xml:31:13-36
135        <activity
135-->[com.google.android.gms:play-services-ads-lite:21.1.0] AndroidManifest.xml:49:9-53:64
136            android:name="com.google.android.gms.ads.AdActivity"
136-->[com.google.android.gms:play-services-ads-lite:21.1.0] AndroidManifest.xml:50:13-65
137            android:configChanges="keyboard|keyboardHidden|orientation|screenLayout|uiMode|screenSize|smallestScreenSize"
137-->[com.google.android.gms:play-services-ads-lite:21.1.0] AndroidManifest.xml:51:13-122
138            android:exported="false"
138-->[com.google.android.gms:play-services-ads-lite:21.1.0] AndroidManifest.xml:52:13-37
139            android:theme="@android:style/Theme.Translucent" />
139-->[com.google.android.gms:play-services-ads-lite:21.1.0] AndroidManifest.xml:53:13-61
140
141        <provider
141-->[com.google.android.gms:play-services-ads-lite:21.1.0] AndroidManifest.xml:55:9-59:39
142            android:name="com.google.android.gms.ads.MobileAdsInitProvider"
142-->[com.google.android.gms:play-services-ads-lite:21.1.0] AndroidManifest.xml:56:13-76
143            android:authorities="com.arteagabryan.cazarpatos.mobileadsinitprovider"
143-->[com.google.android.gms:play-services-ads-lite:21.1.0] AndroidManifest.xml:57:13-73
144            android:exported="false"
144-->[com.google.android.gms:play-services-ads-lite:21.1.0] AndroidManifest.xml:58:13-37
145            android:initOrder="100" />
145-->[com.google.android.gms:play-services-ads-lite:21.1.0] AndroidManifest.xml:59:13-36
146
147        <service
147-->[com.google.android.gms:play-services-ads-lite:21.1.0] AndroidManifest.xml:61:9-64:40
148            android:name="com.google.android.gms.ads.AdService"
148-->[com.google.android.gms:play-services-ads-lite:21.1.0] AndroidManifest.xml:62:13-64
149            android:enabled="true"
149-->[com.google.android.gms:play-services-ads-lite:21.1.0] AndroidManifest.xml:63:13-35
150            android:exported="false" />
150-->[com.google.android.gms:play-services-ads-lite:21.1.0] AndroidManifest.xml:64:13-37
151
152        <activity
152-->[com.google.android.gms:play-services-base:18.0.1] AndroidManifest.xml:20:9-22:45
153            android:name="com.google.android.gms.common.api.GoogleApiActivity"
153-->[com.google.android.gms:play-services-base:18.0.1] AndroidManifest.xml:20:19-85
154            android:exported="false"
154-->[com.google.android.gms:play-services-base:18.0.1] AndroidManifest.xml:22:19-43
155            android:theme="@android:style/Theme.Translucent.NoTitleBar" />
155-->[com.google.android.gms:play-services-base:18.0.1] AndroidManifest.xml:21:19-78
156
157        <meta-data
157-->[com.google.android.gms:play-services-basement:18.0.0] AndroidManifest.xml:21:9-23:69
158            android:name="com.google.android.gms.version"
158-->[com.google.android.gms:play-services-basement:18.0.0] AndroidManifest.xml:22:13-58
159            android:value="@integer/google_play_services_version" />
159-->[com.google.android.gms:play-services-basement:18.0.0] AndroidManifest.xml:23:13-66
160
161        <provider
161-->[androidx.emoji2:emoji2:1.0.0] AndroidManifest.xml:26:9-34:20
162            android:name="androidx.startup.InitializationProvider"
162-->[androidx.emoji2:emoji2:1.0.0] AndroidManifest.xml:27:13-67
163            android:authorities="com.arteagabryan.cazarpatos.androidx-startup"
163-->[androidx.emoji2:emoji2:1.0.0] AndroidManifest.xml:28:13-68
164            android:exported="false" >
164-->[androidx.emoji2:emoji2:1.0.0] AndroidManifest.xml:29:13-37
165            <meta-data
165-->[androidx.emoji2:emoji2:1.0.0] AndroidManifest.xml:31:13-33:52
166                android:name="androidx.emoji2.text.EmojiCompatInitializer"
166-->[androidx.emoji2:emoji2:1.0.0] AndroidManifest.xml:32:17-75
167                android:value="androidx.startup" />
167-->[androidx.emoji2:emoji2:1.0.0] AndroidManifest.xml:33:17-49
168            <meta-data
168-->[androidx.work:work-runtime:2.7.0] AndroidManifest.xml:36:13-38:52
169                android:name="androidx.work.WorkManagerInitializer"
169-->[androidx.work:work-runtime:2.7.0] AndroidManifest.xml:37:17-68
170                android:value="androidx.startup" />
170-->[androidx.work:work-runtime:2.7.0] AndroidManifest.xml:38:17-49
171            <meta-data
171-->[androidx.lifecycle:lifecycle-process:2.4.0] AndroidManifest.xml:31:13-33:52
172                android:name="androidx.lifecycle.ProcessLifecycleInitializer"
172-->[androidx.lifecycle:lifecycle-process:2.4.0] AndroidManifest.xml:32:17-78
173                android:value="androidx.startup" />
173-->[androidx.lifecycle:lifecycle-process:2.4.0] AndroidManifest.xml:33:17-49
174        </provider>
175
176        <service
176-->[androidx.work:work-runtime:2.7.0] AndroidManifest.xml:41:9-46:35
177            android:name="androidx.work.impl.background.systemalarm.SystemAlarmService"
177-->[androidx.work:work-runtime:2.7.0] AndroidManifest.xml:42:13-88
178            android:directBootAware="false"
178-->[androidx.work:work-runtime:2.7.0] AndroidManifest.xml:43:13-44
179            android:enabled="@bool/enable_system_alarm_service_default"
179-->[androidx.work:work-runtime:2.7.0] AndroidManifest.xml:44:13-72
180            android:exported="false" />
180-->[androidx.work:work-runtime:2.7.0] AndroidManifest.xml:45:13-37
181        <service
181-->[androidx.work:work-runtime:2.7.0] AndroidManifest.xml:47:9-53:35
182            android:name="androidx.work.impl.background.systemjob.SystemJobService"
182-->[androidx.work:work-runtime:2.7.0] AndroidManifest.xml:48:13-84
183            android:directBootAware="false"
183-->[androidx.work:work-runtime:2.7.0] AndroidManifest.xml:49:13-44
184            android:enabled="@bool/enable_system_job_service_default"
184-->[androidx.work:work-runtime:2.7.0] AndroidManifest.xml:50:13-70
185            android:exported="true"
185-->[androidx.work:work-runtime:2.7.0] AndroidManifest.xml:51:13-36
186            android:permission="android.permission.BIND_JOB_SERVICE" />
186-->[androidx.work:work-runtime:2.7.0] AndroidManifest.xml:52:13-69
187        <service
187-->[androidx.work:work-runtime:2.7.0] AndroidManifest.xml:54:9-59:35
188            android:name="androidx.work.impl.foreground.SystemForegroundService"
188-->[androidx.work:work-runtime:2.7.0] AndroidManifest.xml:55:13-81
189            android:directBootAware="false"
189-->[androidx.work:work-runtime:2.7.0] AndroidManifest.xml:56:13-44
190            android:enabled="@bool/enable_system_foreground_service_default"
190-->[androidx.work:work-runtime:2.7.0] AndroidManifest.xml:57:13-77
191            android:exported="false" />
191-->[androidx.work:work-runtime:2.7.0] AndroidManifest.xml:58:13-37
192
193        <receiver
193-->[androidx.work:work-runtime:2.7.0] AndroidManifest.xml:61:9-66:35
194            android:name="androidx.work.impl.utils.ForceStopRunnable$BroadcastReceiver"
194-->[androidx.work:work-runtime:2.7.0] AndroidManifest.xml:62:13-88
195            android:directBootAware="false"
195-->[androidx.work:work-runtime:2.7.0] AndroidManifest.xml:63:13-44
196            android:enabled="true"
196-->[androidx.work:work-runtime:2.7.0] AndroidManifest.xml:64:13-35
197            android:exported="false" />
197-->[androidx.work:work-runtime:2.7.0] AndroidManifest.xml:65:13-37
198        <receiver
198-->[androidx.work:work-runtime:2.7.0] AndroidManifest.xml:67:9-77:20
199            android:name="androidx.work.impl.background.systemalarm.ConstraintProxy$BatteryChargingProxy"
199-->[androidx.work:work-runtime:2.7.0] AndroidManifest.xml:68:13-106
200            android:directBootAware="false"
200-->[androidx.work:work-runtime:2.7.0] AndroidManifest.xml:69:13-44
201            android:enabled="false"
201-->[androidx.work:work-runtime:2.7.0] AndroidManifest.xml:70:13-36
202            android:exported="false" >
202-->[androidx.work:work-runtime:2.7.0] AndroidManifest.xml:71:13-37
203            <intent-filter>
203-->[androidx.work:work-runtime:2.7.0] AndroidManifest.xml:73:13-76:29
204                <action android:name="android.intent.action.ACTION_POWER_CONNECTED" />
204-->[androidx.work:work-runtime:2.7.0] AndroidManifest.xml:74:17-87
204-->[androidx.work:work-runtime:2.7.0] AndroidManifest.xml:74:25-84
205                <action android:name="android.intent.action.ACTION_POWER_DISCONNECTED" />
205-->[androidx.work:work-runtime:2.7.0] AndroidManifest.xml:75:17-90
205-->[androidx.work:work-runtime:2.7.0] AndroidManifest.xml:75:25-87
206            </intent-filter>
207        </receiver>
208        <receiver
208-->[androidx.work:work-runtime:2.7.0] AndroidManifest.xml:78:9-88:20
209            android:name="androidx.work.impl.background.systemalarm.ConstraintProxy$BatteryNotLowProxy"
209-->[androidx.work:work-runtime:2.7.0] AndroidManifest.xml:79:13-104
210            android:directBootAware="false"
210-->[androidx.work:work-runtime:2.7.0] AndroidManifest.xml:80:13-44
211            android:enabled="false"
211-->[androidx.work:work-runtime:2.7.0] AndroidManifest.xml:81:13-36
212            android:exported="false" >
212-->[androidx.work:work-runtime:2.7.0] AndroidManifest.xml:82:13-37
213            <intent-filter>
213-->[androidx.work:work-runtime:2.7.0] AndroidManifest.xml:84:13-87:29
214                <action android:name="android.intent.action.BATTERY_OKAY" />
214-->[androidx.work:work-runtime:2.7.0] AndroidManifest.xml:85:17-77
214-->[androidx.work:work-runtime:2.7.0] AndroidManifest.xml:85:25-74
215                <action android:name="android.intent.action.BATTERY_LOW" />
215-->[androidx.work:work-runtime:2.7.0] AndroidManifest.xml:86:17-76
215-->[androidx.work:work-runtime:2.7.0] AndroidManifest.xml:86:25-73
216            </intent-filter>
217        </receiver>
218        <receiver
218-->[androidx.work:work-runtime:2.7.0] AndroidManifest.xml:89:9-99:20
219            android:name="androidx.work.impl.background.systemalarm.ConstraintProxy$StorageNotLowProxy"
219-->[androidx.work:work-runtime:2.7.0] AndroidManifest.xml:90:13-104
220            android:directBootAware="false"
220-->[androidx.work:work-runtime:2.7.0] AndroidManifest.xml:91:13-44
221            android:enabled="false"
221-->[androidx.work:work-runtime:2.7.0] AndroidManifest.xml:92:13-36
222            android:exported="false" >
222-->[androidx.work:work-runtime:2.7.0] AndroidManifest.xml:93:13-37
223            <intent-filter>
223-->[androidx.work:work-runtime:2.7.0] AndroidManifest.xml:95:13-98:29
224                <action android:name="android.intent.action.DEVICE_STORAGE_LOW" />
224-->[androidx.work:work-runtime:2.7.0] AndroidManifest.xml:96:17-83
224-->[androidx.work:work-runtime:2.7.0] AndroidManifest.xml:96:25-80
225                <action android:name="android.intent.action.DEVICE_STORAGE_OK" />
225-->[androidx.work:work-runtime:2.7.0] AndroidManifest.xml:97:17-82
225-->[androidx.work:work-runtime:2.7.0] AndroidManifest.xml:97:25-79
226            </intent-filter>
227        </receiver>
228        <receiver
228-->[androidx.work:work-runtime:2.7.0] AndroidManifest.xml:100:9-109:20
229            android:name="androidx.work.impl.background.systemalarm.ConstraintProxy$NetworkStateProxy"
229-->[androidx.work:work-runtime:2.7.0] AndroidManifest.xml:101:13-103
230            android:directBootAware="false"
230-->[androidx.work:work-runtime:2.7.0] AndroidManifest.xml:102:13-44
231            android:enabled="false"
231-->[androidx.work:work-runtime:2.7.0] AndroidManifest.xml:103:13-36
232            android:exported="false" >
232-->[androidx.work:work-runtime:2.7.0] AndroidManifest.xml:104:13-37
233            <intent-filter>
233-->[androidx.work:work-runtime:2.7.0] AndroidManifest.xml:106:13-108:29
234                <action android:name="android.net.conn.CONNECTIVITY_CHANGE" />
234-->[androidx.work:work-runtime:2.7.0] AndroidManifest.xml:107:17-79
234-->[androidx.work:work-runtime:2.7.0] AndroidManifest.xml:107:25-76
235            </intent-filter>
236        </receiver>
237        <receiver
237-->[androidx.work:work-runtime:2.7.0] AndroidManifest.xml:110:9-121:20
238            android:name="androidx.work.impl.background.systemalarm.RescheduleReceiver"
238-->[androidx.work:work-runtime:2.7.0] AndroidManifest.xml:111:13-88
239            android:directBootAware="false"
239-->[androidx.work:work-runtime:2.7.0] AndroidManifest.xml:112:13-44
240            android:enabled="false"
240-->[androidx.work:work-runtime:2.7.0] AndroidManifest.xml:113:13-36
241            android:exported="false" >
241-->[androidx.work:work-runtime:2.7.0] AndroidManifest.xml:114:13-37
242            <intent-filter>
242-->[androidx.work:work-runtime:2.7.0] AndroidManifest.xml:116:13-120:29
243                <action android:name="android.intent.action.BOOT_COMPLETED" />
243-->[androidx.work:work-runtime:2.7.0] AndroidManifest.xml:117:17-79
243-->[androidx.work:work-runtime:2.7.0] AndroidManifest.xml:117:25-76
244                <action android:name="android.intent.action.TIME_SET" />
244-->[androidx.work:work-runtime:2.7.0] AndroidManifest.xml:118:17-73
244-->[androidx.work:work-runtime:2.7.0] AndroidManifest.xml:118:25-70
245                <action android:name="android.intent.action.TIMEZONE_CHANGED" />
245-->[androidx.work:work-runtime:2.7.0] AndroidManifest.xml:119:17-81
245-->[androidx.work:work-runtime:2.7.0] AndroidManifest.xml:119:25-78
246            </intent-filter>
247        </receiver>
248        <receiver
248-->[androidx.work:work-runtime:2.7.0] AndroidManifest.xml:122:9-131:20
249            android:name="androidx.work.impl.background.systemalarm.ConstraintProxyUpdateReceiver"
249-->[androidx.work:work-runtime:2.7.0] AndroidManifest.xml:123:13-99
250            android:directBootAware="false"
250-->[androidx.work:work-runtime:2.7.0] AndroidManifest.xml:124:13-44
251            android:enabled="@bool/enable_system_alarm_service_default"
251-->[androidx.work:work-runtime:2.7.0] AndroidManifest.xml:125:13-72
252            android:exported="false" >
252-->[androidx.work:work-runtime:2.7.0] AndroidManifest.xml:126:13-37
253            <intent-filter>
253-->[androidx.work:work-runtime:2.7.0] AndroidManifest.xml:128:13-130:29
254                <action android:name="androidx.work.impl.background.systemalarm.UpdateProxies" />
254-->[androidx.work:work-runtime:2.7.0] AndroidManifest.xml:129:17-98
254-->[androidx.work:work-runtime:2.7.0] AndroidManifest.xml:129:25-95
255            </intent-filter>
256        </receiver>
257        <receiver
257-->[androidx.work:work-runtime:2.7.0] AndroidManifest.xml:132:9-142:20
258            android:name="androidx.work.impl.diagnostics.DiagnosticsReceiver"
258-->[androidx.work:work-runtime:2.7.0] AndroidManifest.xml:133:13-78
259            android:directBootAware="false"
259-->[androidx.work:work-runtime:2.7.0] AndroidManifest.xml:134:13-44
260            android:enabled="true"
260-->[androidx.work:work-runtime:2.7.0] AndroidManifest.xml:135:13-35
261            android:exported="true"
261-->[androidx.work:work-runtime:2.7.0] AndroidManifest.xml:136:13-36
262            android:permission="android.permission.DUMP" >
262-->[androidx.work:work-runtime:2.7.0] AndroidManifest.xml:137:13-57
263            <intent-filter>
263-->[androidx.work:work-runtime:2.7.0] AndroidManifest.xml:139:13-141:29
264                <action android:name="androidx.work.diagnostics.REQUEST_DIAGNOSTICS" />
264-->[androidx.work:work-runtime:2.7.0] AndroidManifest.xml:140:17-88
264-->[androidx.work:work-runtime:2.7.0] AndroidManifest.xml:140:25-85
265            </intent-filter>
266        </receiver>
267
268        <service
268-->[androidx.room:room-runtime:2.2.5] AndroidManifest.xml:25:9-28:40
269            android:name="androidx.room.MultiInstanceInvalidationService"
269-->[androidx.room:room-runtime:2.2.5] AndroidManifest.xml:26:13-74